<?xml version="1.0" encoding="UTF-8"?>
<testsuite name="FedExAPITests"
           tests="20"
           failures="1"
           errors="0"
           skipped="0"
           time="66.132">
  <properties />
            <testcase name="testPackageTrackingNumberNotNull" time="2.657" classname="com.piyovi.api.tests.carriers.fedex.CreateShipmentTests">
                <failure type="java.lang.ClassCastException"
                  message="class com.fasterxml.jackson.databind.node.ObjectNode cannot be cast to class java.util.List (com.fasterxml.jackson.databind.node.ObjectNode is in unnamed module of loader &apos;app&apos;; java.util.List is in module java.base of loader &apos;bootstrap&apos;)"
              >
<![CDATA[java.lang.ClassCastException: class com.fasterxml.jackson.databind.node.ObjectNode cannot be cast to class java.util.List (com.fasterxml.jackson.databind.node.ObjectNode is in unnamed module of loader 'app'; java.util.List is in module java.base of loader 'bootstrap')
  com.piyovi.api.tests.carriers.fedex.CreateShipmentTests.testPackageTrackingNumberNotNull(CreateShipmentTests.java:449)
  java.base/jdk.internal.reflect.DirectMethodHandleAccessor.invoke(DirectMethodHandleAccessor.java:104)
  java.base/java.lang.reflect.Method.invoke(Method.java:577)
  org.testng.internal.MethodInvocationHelper.invokeMethod(MethodInvocationHelper.java:133)
  org.testng.internal.TestInvoker.invokeMethod(TestInvoker.java:598)
  org.testng.internal.TestInvoker.invokeTestMethod(TestInvoker.java:173)
  org.testng.internal.MethodRunner.runInSequence(MethodRunner.java:46)
  org.testng.internal.TestInvoker$MethodInvocationAgent.invoke(TestInvoker.java:824)
  org.testng.internal.TestInvoker.invokeTestMethods(TestInvoker.java:146)
  org.testng.internal.TestMethodWorker.invokeTestMethods(TestMethodWorker.java:146)
  org.testng.internal.TestMethodWorker.run(TestMethodWorker.java:128)
  java.base/java.util.ArrayList.forEach(ArrayList.java:1511)
  org.testng.TestRunner.privateRun(TestRunner.java:794)
  org.testng.TestRunner.run(TestRunner.java:596)
  org.testng.SuiteRunner.runTest(SuiteRunner.java:377)
  org.testng.SuiteRunner.runSequentially(SuiteRunner.java:371)
  org.testng.SuiteRunner.privateRun(SuiteRunner.java:332)
  org.testng.SuiteRunner.run(SuiteRunner.java:276)
  org.testng.SuiteRunnerWorker.runSuite(SuiteRunnerWorker.java:53)
  org.testng.SuiteRunnerWorker.run(SuiteRunnerWorker.java:96)
  org.testng.TestNG.runSuitesSequentially(TestNG.java:1212)
  org.testng.TestNG.runSuitesLocally(TestNG.java:1134)
  org.testng.TestNG.runSuites(TestNG.java:1063)
  org.testng.TestNG.run(TestNG.java:1031)
  com.intellij.rt.testng.IDEARemoteTestNG.run(IDEARemoteTestNG.java:66)
  com.intellij.rt.testng.RemoteTestNGStarter.main(RemoteTestNGStarter.java:109)
]]>
      </failure>

          </testcase>
  
  
            <testcase name="testShipmentId" time="2.654" classname="com.piyovi.api.tests.carriers.fedex.CreateShipmentTests" />
                <testcase name="testDestinationServiceArea" time="2.557" classname="com.piyovi.api.tests.carriers.fedex.CreateShipmentTests" />
                <testcase name="testTotalDutiesAndTaxesNotNull" time="2.533" classname="com.piyovi.api.tests.carriers.fedex.CreateShipmentTests" />
                <testcase name="testCarrierName" time="2.816" classname="com.piyovi.api.tests.carriers.fedex.CreateShipmentTests" />
                <testcase name="testCreateShipmentIntAddrs" time="1.833" classname="com.piyovi.api.tests.carriers.fedex.CreateShipmentTests" />
                <testcase name="testCurrencyCode" time="3.792" classname="com.piyovi.api.tests.carriers.fedex.CreateShipmentTests" />
                <testcase name="testMoneybackGuaranteeTrue" time="2.665" classname="com.piyovi.api.tests.carriers.fedex.CreateShipmentTests" />
                <testcase name="testBaseChargesNotNull" time="6.351" classname="com.piyovi.api.tests.carriers.fedex.CreateShipmentTests" />
                <testcase name="testTotalTaxesNotNull" time="3.183" classname="com.piyovi.api.tests.carriers.fedex.CreateShipmentTests" />
                <testcase name="testOriginServiceArea" time="2.858" classname="com.piyovi.api.tests.carriers.fedex.CreateShipmentTests" />
                <testcase name="testTotalDiscountFreightNotNull" time="2.888" classname="com.piyovi.api.tests.carriers.fedex.CreateShipmentTests" />
                <testcase name="testMasterTrackingNumberNotNull" time="3.076" classname="com.piyovi.api.tests.carriers.fedex.CreateShipmentTests" />
                <testcase name="testPastShipDate" time="5.837" classname="com.piyovi.api.tests.carriers.fedex.CreateShipmentTests" />
                <testcase name="testTotalSurchargesNotNull" time="2.764" classname="com.piyovi.api.tests.carriers.fedex.CreateShipmentTests" />
                <testcase name="testTotalfreightNotNull" time="2.954" classname="com.piyovi.api.tests.carriers.fedex.CreateShipmentTests" />
                <testcase name="testDestinationAirportId" time="2.858" classname="com.piyovi.api.tests.carriers.fedex.CreateShipmentTests" />
                <testcase name="testCreateShipmentOK" time="6.145" classname="com.piyovi.api.tests.carriers.fedex.CreateShipmentTests" />
                <testcase name="testServiceName" time="2.961" classname="com.piyovi.api.tests.carriers.fedex.CreateShipmentTests" />
                <testcase name="testCarrierscac" time="2.750" classname="com.piyovi.api.tests.carriers.fedex.CreateShipmentTests" />
      
</testsuite>
